This file contains any messages produced by compilers while
running configure, to aid debugging if configure makes a mistake.

It was created by configure, which was
generated by GNU Autoconf 2.61.  Invocation command line was

  $ ./configure 

## --------- ##
## Platform. ##
## --------- ##

hostname = tom-laptop
uname -m = x86_64
uname -r = 2.6.27-9-generic
uname -s = Linux
uname -v = #1 SMP Thu Nov 20 22:15:32 UTC 2008

/usr/bin/uname -p = unknown
/bin/uname -X     = unknown

/bin/arch              = unknown
/usr/bin/arch -k       = unknown
/usr/convex/getsysinfo = unknown
/usr/bin/hostinfo      = unknown
/bin/machine           = unknown
/usr/bin/oslevel       = unknown
/bin/universe          = unknown

PATH: /usr/local/sbin
PATH: /usr/local/bin
PATH: /usr/sbin
PATH: /usr/bin
PATH: /sbin
PATH: /bin
PATH: /usr/games
PATH: /home/tom/.local/bin


## ----------- ##
## Core tests. ##
## ----------- ##

configure:1871: checking build system type
configure:1889: result: x86_64-unknown-linux-gnu
configure:1911: checking host system type
configure:1926: result: x86_64-unknown-linux-gnu
configure:1948: checking target system type
configure:1963: result: x86_64-unknown-linux-gnu
configure:2006: checking for a BSD-compatible install
configure:2062: result: /usr/bin/install -c
configure:2073: checking whether build environment is sane
configure:2116: result: yes
configure:2144: checking for a thread-safe mkdir -p
configure:2183: result: /bin/mkdir -p
configure:2196: checking for gawk
configure:2212: found /usr/bin/gawk
configure:2223: result: gawk
configure:2234: checking whether make sets $(MAKE)
configure:2255: result: yes
configure:2448: checking for pkg-config
configure:2466: found /usr/bin/pkg-config
configure:2478: result: /usr/bin/pkg-config
configure:2553: checking for style of include used by make
configure:2581: result: GNU
configure:2651: checking for gcc
configure:2667: found /usr/bin/gcc
configure:2678: result: gcc
configure:2916: checking for C compiler version
configure:2923: gcc --version >&5
gcc (Ubuntu 4.3.2-1ubuntu11) 4.3.2
Copyright (C) 2008 Free Software Foundation, Inc.
This is free software; see the source for copying conditions.  There is NO
warranty; not even for MERCHANTABILITY or FITNESS FOR A PARTICULAR PURPOSE.

configure:2926: $? = 0
configure:2933: gcc -v >&5
Using built-in specs.
Target: x86_64-linux-gnu
Configured with: ../src/configure -v --with-pkgversion='Ubuntu 4.3.2-1ubuntu11' --with-bugurl=file:///usr/share/doc/gcc-4.3/README.Bugs --enable-languages=c,c++,fortran,objc,obj-c++ --prefix=/usr --enable-shared --with-system-zlib --libexecdir=/usr/lib --without-included-gettext --enable-threads=posix --enable-nls --with-gxx-include-dir=/usr/include/c++/4.3 --program-suffix=-4.3 --enable-clocale=gnu --enable-libstdcxx-debug --enable-objc-gc --enable-mpfr --enable-checking=release --build=x86_64-linux-gnu --host=x86_64-linux-gnu --target=x86_64-linux-gnu
Thread model: posix
gcc version 4.3.2 (Ubuntu 4.3.2-1ubuntu11) 
configure:2936: $? = 0
configure:2943: gcc -V >&5
gcc: '-V' option must have argument
configure:2946: $? = 1
configure:2969: checking for C compiler default output file name
configure:2996: gcc    conftest.c  >&5
configure:2999: $? = 0
configure:3037: result: a.out
configure:3054: checking whether the C compiler works
configure:3064: ./a.out
configure:3067: $? = 0
configure:3084: result: yes
configure:3091: checking whether we are cross compiling
configure:3093: result: no
configure:3096: checking for suffix of executables
configure:3103: gcc -o conftest    conftest.c  >&5
configure:3106: $? = 0
configure:3130: result: 
configure:3136: checking for suffix of object files
configure:3162: gcc -c   conftest.c >&5
configure:3165: $? = 0
configure:3188: result: o
configure:3192: checking whether we are using the GNU C compiler
configure:3221: gcc -c   conftest.c >&5
configure:3227: $? = 0
configure:3244: result: yes
configure:3249: checking whether gcc accepts -g
configure:3279: gcc -c -g  conftest.c >&5
configure:3285: $? = 0
configure:3384: result: yes
configure:3401: checking for gcc option to accept ISO C89
configure:3475: gcc  -c -g -O2  conftest.c >&5
configure:3481: $? = 0
configure:3504: result: none needed
configure:3524: checking dependency style of gcc
configure:3615: result: gcc3
configure:3651: checking for /proc/self/maps
configure:3666: result: yes
configure:3669: checking whether everything is installed to the same prefix
configure:3685: result: no
configure:3688: checking whether binary relocation support should be enabled
configure:3706: result: no
configure:3904: checking Automake (1.10.1)
configure:3912: result: Version OK
configure:3978: checking for g++
configure:3994: found /usr/bin/g++
configure:4005: result: g++
configure:4036: checking for C++ compiler version
configure:4043: g++ --version >&5
g++ (Ubuntu 4.3.2-1ubuntu11) 4.3.2
Copyright (C) 2008 Free Software Foundation, Inc.
This is free software; see the source for copying conditions.  There is NO
warranty; not even for MERCHANTABILITY or FITNESS FOR A PARTICULAR PURPOSE.

configure:4046: $? = 0
configure:4053: g++ -v >&5
Using built-in specs.
Target: x86_64-linux-gnu
Configured with: ../src/configure -v --with-pkgversion='Ubuntu 4.3.2-1ubuntu11' --with-bugurl=file:///usr/share/doc/gcc-4.3/README.Bugs --enable-languages=c,c++,fortran,objc,obj-c++ --prefix=/usr --enable-shared --with-system-zlib --libexecdir=/usr/lib --without-included-gettext --enable-threads=posix --enable-nls --with-gxx-include-dir=/usr/include/c++/4.3 --program-suffix=-4.3 --enable-clocale=gnu --enable-libstdcxx-debug --enable-objc-gc --enable-mpfr --enable-checking=release --build=x86_64-linux-gnu --host=x86_64-linux-gnu --target=x86_64-linux-gnu
Thread model: posix
gcc version 4.3.2 (Ubuntu 4.3.2-1ubuntu11) 
configure:4056: $? = 0
configure:4063: g++ -V >&5
g++: '-V' option must have argument
configure:4066: $? = 1
configure:4069: checking whether we are using the GNU C++ compiler
configure:4098: g++ -c   conftest.cpp >&5
configure:4104: $? = 0
configure:4121: result: yes
configure:4126: checking whether g++ accepts -g
configure:4156: g++ -c -g  conftest.cpp >&5
configure:4162: $? = 0
configure:4261: result: yes
configure:4286: checking dependency style of g++
configure:4377: result: gcc3
configure:4405: checking for a BSD-compatible install
configure:4461: result: /usr/bin/install -c
configure:4473: checking Compiler
configure:4480: result: gcc >= 3.4.0, PreCompiled headers enabled
configure:4561: checking for ranlib
configure:4577: found /usr/bin/ranlib
configure:4588: result: ranlib
configure:4620: checking how to run the C preprocessor
configure:4660: gcc -E  conftest.c
configure:4666: $? = 0
configure:4697: gcc -E  conftest.c
conftest.c:10:28: error: ac_nonexistent.h: No such file or directory
configure:4703: $? = 1
configure: failed program was:
| /* confdefs.h.  */
| #define PACKAGE_NAME ""
| #define PACKAGE_TARNAME ""
| #define PACKAGE_VERSION ""
| #define PACKAGE_STRING ""
| #define PACKAGE_BUGREPORT ""
| #define PACKAGE "XaraLX"
| #define VERSION "0.7"
| /* end confdefs.h.  */
| #include <ac_nonexistent.h>
configure:4736: result: gcc -E
configure:4765: gcc -E  conftest.c
configure:4771: $? = 0
configure:4802: gcc -E  conftest.c
conftest.c:10:28: error: ac_nonexistent.h: No such file or directory
configure:4808: $? = 1
configure: failed program was:
| /* confdefs.h.  */
| #define PACKAGE_NAME ""
| #define PACKAGE_TARNAME ""
| #define PACKAGE_VERSION ""
| #define PACKAGE_STRING ""
| #define PACKAGE_BUGREPORT ""
| #define PACKAGE "XaraLX"
| #define VERSION "0.7"
| /* end confdefs.h.  */
| #include <ac_nonexistent.h>
configure:4846: checking for grep that handles long lines and -e
configure:4920: result: /bin/grep
configure:4925: checking for egrep
configure:5003: result: /bin/grep -E
configure:5008: checking for ANSI C header files
configure:5038: gcc -c -Wall -Wno-unknown-pragmas -g -fexceptions -O3 -fno-strict-aliasing  -Wstrict-aliasing=2   conftest.c >&5
configure:5044: $? = 0
configure:5143: gcc -o conftest -Wall -Wno-unknown-pragmas -g -fexceptions -O3 -fno-strict-aliasing  -Wstrict-aliasing=2    conftest.c  >&5
configure:5146: $? = 0
configure:5152: ./conftest
configure:5155: $? = 0
configure:5172: result: yes
configure:5196: checking for sys/types.h
configure:5217: gcc -c -Wall -Wno-unknown-pragmas -g -fexceptions -O3 -fno-strict-aliasing  -Wstrict-aliasing=2   conftest.c >&5
configure:5223: $? = 0
configure:5239: result: yes
configure:5196: checking for sys/stat.h
configure:5217: gcc -c -Wall -Wno-unknown-pragmas -g -fexceptions -O3 -fno-strict-aliasing  -Wstrict-aliasing=2   conftest.c >&5
configure:5223: $? = 0
configure:5239: result: yes
configure:5196: checking for stdlib.h
configure:5217: gcc -c -Wall -Wno-unknown-pragmas -g -fexceptions -O3 -fno-strict-aliasing  -Wstrict-aliasing=2   conftest.c >&5
configure:5223: $? = 0
configure:5239: result: yes
configure:5196: checking for string.h
configure:5217: gcc -c -Wall -Wno-unknown-pragmas -g -fexceptions -O3 -fno-strict-aliasing  -Wstrict-aliasing=2   conftest.c >&5
configure:5223: $? = 0
configure:5239: result: yes
configure:5196: checking for memory.h
configure:5217: gcc -c -Wall -Wno-unknown-pragmas -g -fexceptions -O3 -fno-strict-aliasing  -Wstrict-aliasing=2   conftest.c >&5
configure:5223: $? = 0
configure:5239: result: yes
configure:5196: checking for strings.h
configure:5217: gcc -c -Wall -Wno-unknown-pragmas -g -fexceptions -O3 -fno-strict-aliasing  -Wstrict-aliasing=2   conftest.c >&5
configure:5223: $? = 0
configure:5239: result: yes
configure:5196: checking for inttypes.h
configure:5217: gcc -c -Wall -Wno-unknown-pragmas -g -fexceptions -O3 -fno-strict-aliasing  -Wstrict-aliasing=2   conftest.c >&5
configure:5223: $? = 0
configure:5239: result: yes
configure:5196: checking for stdint.h
configure:5217: gcc -c -Wall -Wno-unknown-pragmas -g -fexceptions -O3 -fno-strict-aliasing  -Wstrict-aliasing=2   conftest.c >&5
configure:5223: $? = 0
configure:5239: result: yes
configure:5196: checking for unistd.h
configure:5217: gcc -c -Wall -Wno-unknown-pragmas -g -fexceptions -O3 -fno-strict-aliasing  -Wstrict-aliasing=2   conftest.c >&5
configure:5223: $? = 0
configure:5239: result: yes
configure:5251: checking whether byte ordering is bigendian
configure:5284: gcc -c -Wall -Wno-unknown-pragmas -g -fexceptions -O3 -fno-strict-aliasing  -Wstrict-aliasing=2   conftest.c >&5
configure:5290: $? = 0
configure:5322: gcc -c -Wall -Wno-unknown-pragmas -g -fexceptions -O3 -fno-strict-aliasing  -Wstrict-aliasing=2   conftest.c >&5
conftest.c: In function 'main':
conftest.c:27: error: 'not' undeclared (first use in this function)
conftest.c:27: error: (Each undeclared identifier is reported only once
conftest.c:27: error: for each function it appears in.)
conftest.c:27: error: expected ';' before 'big'
configure:5328: $? = 1
configure: failed program was:
| /* confdefs.h.  */
| #define PACKAGE_NAME ""
| #define PACKAGE_TARNAME ""
| #define PACKAGE_VERSION ""
| #define PACKAGE_STRING ""
| #define PACKAGE_BUGREPORT ""
| #define PACKAGE "XaraLX"
| #define VERSION "0.7"
| #define STDC_HEADERS 1
| #define HAVE_SYS_TYPES_H 1
| #define HAVE_SYS_STAT_H 1
| #define HAVE_STDLIB_H 1
| #define HAVE_STRING_H 1
| #define HAVE_MEMORY_H 1
| #define HAVE_STRINGS_H 1
| #define HAVE_INTTYPES_H 1
| #define HAVE_STDINT_H 1
| #define HAVE_UNISTD_H 1
| /* end confdefs.h.  */
| #include <sys/types.h>
| #include <sys/param.h>
| 
| int
| main ()
| {
| #if BYTE_ORDER != BIG_ENDIAN
|  not big endian
| #endif
| 
|   ;
|   return 0;
| }
configure:5468: result: no
configure:5487: checking for void*
configure:5517: gcc -c -Wall -Wno-unknown-pragmas -g -fexceptions -O3 -fno-strict-aliasing  -Wstrict-aliasing=2   conftest.c >&5
configure:5523: $? = 0
configure:5538: result: yes
configure:5545: checking size of void*
configure:5847: gcc -o conftest -Wall -Wno-unknown-pragmas -g -fexceptions -O3 -fno-strict-aliasing  -Wstrict-aliasing=2    conftest.c  >&5
configure:5850: $? = 0
configure:5856: ./conftest
configure:5859: $? = 0
configure:5882: result: 8
configure:5892: checking for long long
configure:5922: gcc -c -Wall -Wno-unknown-pragmas -g -fexceptions -O3 -fno-strict-aliasing  -Wstrict-aliasing=2   conftest.c >&5
configure:5928: $? = 0
configure:5943: result: yes
configure:5950: checking size of long long
configure:6252: gcc -o conftest -Wall -Wno-unknown-pragmas -g -fexceptions -O3 -fno-strict-aliasing  -Wstrict-aliasing=2    conftest.c  >&5
configure:6255: $? = 0
configure:6261: ./conftest
configure:6264: $? = 0
configure:6287: result: 8
configure:6297: checking for long
configure:6327: gcc -c -Wall -Wno-unknown-pragmas -g -fexceptions -O3 -fno-strict-aliasing  -Wstrict-aliasing=2   conftest.c >&5
configure:6333: $? = 0
configure:6348: result: yes
configure:6355: checking size of long
configure:6657: gcc -o conftest -Wall -Wno-unknown-pragmas -g -fexceptions -O3 -fno-strict-aliasing  -Wstrict-aliasing=2    conftest.c  >&5
configure:6660: $? = 0
configure:6666: ./conftest
configure:6669: $? = 0
configure:6692: result: 8
configure:6702: checking for int
configure:6732: gcc -c -Wall -Wno-unknown-pragmas -g -fexceptions -O3 -fno-strict-aliasing  -Wstrict-aliasing=2   conftest.c >&5
configure:6738: $? = 0
configure:6753: result: yes
configure:6760: checking size of int
configure:7062: gcc -o conftest -Wall -Wno-unknown-pragmas -g -fexceptions -O3 -fno-strict-aliasing  -Wstrict-aliasing=2    conftest.c  >&5
configure:7065: $? = 0
configure:7071: ./conftest
configure:7074: $? = 0
configure:7097: result: 4
configure:7107: checking for short
configure:7137: gcc -c -Wall -Wno-unknown-pragmas -g -fexceptions -O3 -fno-strict-aliasing  -Wstrict-aliasing=2   conftest.c >&5
configure:7143: $? = 0
configure:7158: result: yes
configure:7165: checking size of short
configure:7467: gcc -o conftest -Wall -Wno-unknown-pragmas -g -fexceptions -O3 -fno-strict-aliasing  -Wstrict-aliasing=2    conftest.c  >&5
configure:7470: $? = 0
configure:7476: ./conftest
configure:7479: $? = 0
configure:7502: result: 2
configure:7512: checking for __int64
configure:7542: gcc -c -Wall -Wno-unknown-pragmas -g -fexceptions -O3 -fno-strict-aliasing  -Wstrict-aliasing=2   conftest.c >&5
conftest.c:58: error: expected '=', ',', ';', 'asm' or '__attribute__' before 'ac__type_new_'
conftest.c: In function 'main':
conftest.c:62: error: 'ac__type_new_' undeclared (first use in this function)
conftest.c:62: error: (Each undeclared identifier is reported only once
conftest.c:62: error: for each function it appears in.)
conftest.c:62: error: expected expression before ')' token
configure:7548: $? = 1
configure: failed program was:
| /* confdefs.h.  */
| #define PACKAGE_NAME ""
| #define PACKAGE_TARNAME ""
| #define PACKAGE_VERSION ""
| #define PACKAGE_STRING ""
| #define PACKAGE_BUGREPORT ""
| #define PACKAGE "XaraLX"
| #define VERSION "0.7"
| #define STDC_HEADERS 1
| #define HAVE_SYS_TYPES_H 1
| #define HAVE_SYS_STAT_H 1
| #define HAVE_STDLIB_H 1
| #define HAVE_STRING_H 1
| #define HAVE_MEMORY_H 1
| #define HAVE_STRINGS_H 1
| #define HAVE_INTTYPES_H 1
| #define HAVE_STDINT_H 1
| #define HAVE_UNISTD_H 1
| #define SIZEOF_VOIDP 8
| #define SIZEOF_LONG_LONG 8
| #define SIZEOF_LONG 8
| #define SIZEOF_INT 4
| #define SIZEOF_SHORT 2
| /* end confdefs.h.  */
| #include <stdio.h>
| #ifdef HAVE_SYS_TYPES_H
| # include <sys/types.h>
| #endif
| #ifdef HAVE_SYS_STAT_H
| # include <sys/stat.h>
| #endif
| #ifdef STDC_HEADERS
| # include <stdlib.h>
| # include <stddef.h>
| #else
| # ifdef HAVE_STDLIB_H
| #  include <stdlib.h>
| # endif
| #endif
| #ifdef HAVE_STRING_H
| # if !defined STDC_HEADERS && defined HAVE_MEMORY_H
| #  include <memory.h>
| # endif
| # include <string.h>
| #endif
| #ifdef HAVE_STRINGS_H
| # include <strings.h>
| #endif
| #ifdef HAVE_INTTYPES_H
| # include <inttypes.h>
| #endif
| #ifdef HAVE_STDINT_H
| # include <stdint.h>
| #endif
| #ifdef HAVE_UNISTD_H
| # include <unistd.h>
| #endif
| typedef __int64 ac__type_new_;
| int
| main ()
| {
| if ((ac__type_new_ *) 0)
|   return 0;
| if (sizeof (ac__type_new_))
|   return 0;
|   ;
|   return 0;
| }
configure:7563: result: no
configure:7570: checking size of __int64
configure:7872: gcc -o conftest -Wall -Wno-unknown-pragmas -g -fexceptions -O3 -fno-strict-aliasing  -Wstrict-aliasing=2    conftest.c  >&5
conftest.c:58: error: expected '=', ',', ';', 'asm' or '__attribute__' before 'ac__type_sizeof_'
conftest.c: In function 'longval':
conftest.c:59: error: 'ac__type_sizeof_' undeclared (first use in this function)
conftest.c:59: error: (Each undeclared identifier is reported only once
conftest.c:59: error: for each function it appears in.)
conftest.c: In function 'ulongval':
conftest.c:60: error: 'ac__type_sizeof_' undeclared (first use in this function)
conftest.c: In function 'main':
conftest.c:70: error: 'ac__type_sizeof_' undeclared (first use in this function)
configure:7875: $? = 1
configure: program exited with status 1
configure: failed program was:
| /* confdefs.h.  */
| #define PACKAGE_NAME ""
| #define PACKAGE_TARNAME ""
| #define PACKAGE_VERSION ""
| #define PACKAGE_STRING ""
| #define PACKAGE_BUGREPORT ""
| #define PACKAGE "XaraLX"
| #define VERSION "0.7"
| #define STDC_HEADERS 1
| #define HAVE_SYS_TYPES_H 1
| #define HAVE_SYS_STAT_H 1
| #define HAVE_STDLIB_H 1
| #define HAVE_STRING_H 1
| #define HAVE_MEMORY_H 1
| #define HAVE_STRINGS_H 1
| #define HAVE_INTTYPES_H 1
| #define HAVE_STDINT_H 1
| #define HAVE_UNISTD_H 1
| #define SIZEOF_VOIDP 8
| #define SIZEOF_LONG_LONG 8
| #define SIZEOF_LONG 8
| #define SIZEOF_INT 4
| #define SIZEOF_SHORT 2
| /* end confdefs.h.  */
| #include <stdio.h>
| #ifdef HAVE_SYS_TYPES_H
| # include <sys/types.h>
| #endif
| #ifdef HAVE_SYS_STAT_H
| # include <sys/stat.h>
| #endif
| #ifdef STDC_HEADERS
| # include <stdlib.h>
| # include <stddef.h>
| #else
| # ifdef HAVE_STDLIB_H
| #  include <stdlib.h>
| # endif
| #endif
| #ifdef HAVE_STRING_H
| # if !defined STDC_HEADERS && defined HAVE_MEMORY_H
| #  include <memory.h>
| # endif
| # include <string.h>
| #endif
| #ifdef HAVE_STRINGS_H
| # include <strings.h>
| #endif
| #ifdef HAVE_INTTYPES_H
| # include <inttypes.h>
| #endif
| #ifdef HAVE_STDINT_H
| # include <stdint.h>
| #endif
| #ifdef HAVE_UNISTD_H
| # include <unistd.h>
| #endif
|    typedef __int64 ac__type_sizeof_;
| static long int longval () { return (long int) (sizeof (ac__type_sizeof_)); }
| static unsigned long int ulongval () { return (long int) (sizeof (ac__type_sizeof_)); }
| #include <stdio.h>
| #include <stdlib.h>
| int
| main ()
| {
| 
|   FILE *f = fopen ("conftest.val", "w");
|   if (! f)
|     return 1;
|   if (((long int) (sizeof (ac__type_sizeof_))) < 0)
|     {
|       long int i = longval ();
|       if (i != ((long int) (sizeof (ac__type_sizeof_))))
| 	return 1;
|       fprintf (f, "%ld\n", i);
|     }
|   else
|     {
|       unsigned long int i = ulongval ();
|       if (i != ((long int) (sizeof (ac__type_sizeof_))))
| 	return 1;
|       fprintf (f, "%lu\n", i);
|     }
|   return ferror (f) || fclose (f) != 0;
| 
|   ;
|   return 0;
| }
configure:7907: result: 0
configure:7962: checking wxWidgets version
configure:7965: result: 2.6.3
configure:7990: checking wxWidgets GTK usage
configure:7994: result: found
configure:8045: checking for pkg-config
configure:8063: found /usr/bin/pkg-config
configure:8075: result: /usr/bin/pkg-config
configure:8104: checking pkg-config is at least version 0.9.0
configure:8107: result: yes
configure:8118: checking for GTK
configure:8126: $PKG_CONFIG --exists --print-errors "gtk+-2.0"
configure:8129: $? = 0
configure:8144: $PKG_CONFIG --exists --print-errors "gtk+-2.0"
configure:8147: $? = 0
configure:8223: result: yes
configure:8233: checking wxWidgets wxrc utility
configure:8238: result: not found, disabling international build
configure:8275: checking libxml2 version
configure:8278: result: 2.6.32
configure:8321: checking freetype version
configure:8324: result: 9.18.3
configure:8339: checking for PANGOX
configure:8347: $PKG_CONFIG --exists --print-errors "pangox"
configure:8350: $? = 0
configure:8365: $PKG_CONFIG --exists --print-errors "pangox"
configure:8368: $? = 0
configure:8410: result: yes
configure:8467: checking Linker
configure:8475: result: GNU ld
configure:8481: checking CDraw location
configure:8493: result: libs/x86_64
configure:10676: creating ./config.status

## ---------------------- ##
## Running config.status. ##
## ---------------------- ##

This file was extended by config.status, which was
generated by GNU Autoconf 2.61.  Invocation command line was

  CONFIG_FILES    = 
  CONFIG_HEADERS  = 
  CONFIG_LINKS    = 
  CONFIG_COMMANDS = 
  $ ./config.status 

on tom-laptop

config.status:704: creating Makefile
config.status:704: creating PreComp/Makefile
config.status:704: creating Kernel/Makefile
config.status:704: creating wxOil/Makefile
config.status:704: creating tools/Makefile
config.status:704: creating wxXtra/Makefile
config.status:704: creating xarlib/Makefile
config.status:704: creating xarlib/Xar.pc
config.status:704: creating po/Makefile.in
config.status:844: WARNING:  po/Makefile.in.in seems to ignore the --datarootdir setting
config.status:895: executing depfiles commands

## ---------------- ##
## Cache variables. ##
## ---------------- ##

ac_cv_build=x86_64-unknown-linux-gnu
ac_cv_c_bigendian=no
ac_cv_c_compiler_gnu=yes
ac_cv_cxx_compiler_gnu=yes
ac_cv_env_CCC_set=
ac_cv_env_CCC_value=
ac_cv_env_CC_set=
ac_cv_env_CC_value=
ac_cv_env_CFLAGS_set=
ac_cv_env_CFLAGS_value=
ac_cv_env_CPPFLAGS_set=
ac_cv_env_CPPFLAGS_value=
ac_cv_env_CPP_set=
ac_cv_env_CPP_value=
ac_cv_env_CXXFLAGS_set=
ac_cv_env_CXXFLAGS_value=
ac_cv_env_CXX_set=
ac_cv_env_CXX_value=
ac_cv_env_GTK_CFLAGS_set=
ac_cv_env_GTK_CFLAGS_value=
ac_cv_env_GTK_LIBS_set=
ac_cv_env_GTK_LIBS_value=
ac_cv_env_LDFLAGS_set=
ac_cv_env_LDFLAGS_value=
ac_cv_env_LIBS_set=
ac_cv_env_LIBS_value=
ac_cv_env_PANGOX_CFLAGS_set=
ac_cv_env_PANGOX_CFLAGS_value=
ac_cv_env_PANGOX_LIBS_set=
ac_cv_env_PANGOX_LIBS_value=
ac_cv_env_PKG_CONFIG_set=
ac_cv_env_PKG_CONFIG_value=
ac_cv_env_build_alias_set=
ac_cv_env_build_alias_value=
ac_cv_env_host_alias_set=
ac_cv_env_host_alias_value=
ac_cv_env_target_alias_set=
ac_cv_env_target_alias_value=
ac_cv_file__proc_self_maps=yes
ac_cv_header_inttypes_h=yes
ac_cv_header_memory_h=yes
ac_cv_header_stdc=yes
ac_cv_header_stdint_h=yes
ac_cv_header_stdlib_h=yes
ac_cv_header_string_h=yes
ac_cv_header_strings_h=yes
ac_cv_header_sys_stat_h=yes
ac_cv_header_sys_types_h=yes
ac_cv_header_unistd_h=yes
ac_cv_host=x86_64-unknown-linux-gnu
ac_cv_objext=o
ac_cv_path_EGREP='/bin/grep -E'
ac_cv_path_GREP=/bin/grep
ac_cv_path_ac_prefix_program=/usr/bin/pkg-config
ac_cv_path_ac_pt_PKG_CONFIG=/usr/bin/pkg-config
ac_cv_path_install='/usr/bin/install -c'
ac_cv_path_mkdir=/bin/mkdir
ac_cv_prog_AWK=gawk
ac_cv_prog_CPP='gcc -E'
ac_cv_prog_ac_ct_CC=gcc
ac_cv_prog_ac_ct_CXX=g++
ac_cv_prog_ac_ct_RANLIB=ranlib
ac_cv_prog_cc_c89=
ac_cv_prog_cc_g=yes
ac_cv_prog_cxx_g=yes
ac_cv_prog_make_make_set=yes
ac_cv_sizeof___int64=0
ac_cv_sizeof_int=4
ac_cv_sizeof_long=8
ac_cv_sizeof_long_long=8
ac_cv_sizeof_short=2
ac_cv_sizeof_voidp=8
ac_cv_target=x86_64-unknown-linux-gnu
ac_cv_type___int64=no
ac_cv_type_int=yes
ac_cv_type_long=yes
ac_cv_type_long_long=yes
ac_cv_type_short=yes
ac_cv_type_voidp=yes
am_cv_CC_dependencies_compiler_type=gcc3
am_cv_CXX_dependencies_compiler_type=gcc3
br_cv_binreloc=no
br_cv_valid_prefixes=no
pkg_cv_GTK_CFLAGS='-I/usr/include/gtk-2.0 -I/usr/lib/gtk-2.0/include -I/usr/include/atk-1.0 -I/usr/include/cairo -I/usr/include/pango-1.0 -I/usr/include/glib-2.0 -I/usr/lib/glib-2.0/include -I/usr/include/pixman-1 -I/usr/include/freetype2 -I/usr/include/libpng12  '
pkg_cv_GTK_LIBS='-lgtk-x11-2.0 -lgdk-x11-2.0 -latk-1.0 -lpangoft2-1.0 -lgdk_pixbuf-2.0 -lm -lpangocairo-1.0 -lgio-2.0 -lcairo -lpango-1.0 -lfreetype -lz -lfontconfig -lgobject-2.0 -lgmodule-2.0 -lglib-2.0  '
pkg_cv_PANGOX_CFLAGS='-I/usr/include/pango-1.0 -I/usr/include/glib-2.0 -I/usr/lib/glib-2.0/include  '
pkg_cv_PANGOX_LIBS='-lpangox-1.0 -lX11 -lpango-1.0 -lgobject-2.0 -lgmodule-2.0 -lglib-2.0  '

## ----------------- ##
## Output variables. ##
## ----------------- ##

ACLOCAL='${SHELL} /home/tom/Other/XaraLX/missing --run aclocal-1.10'
AMDEPBACKSLASH='\'
AMDEP_FALSE='#'
AMDEP_TRUE=''
AMTAR='${SHELL} /home/tom/Other/XaraLX/missing --run tar'
AUTOCONF='${SHELL} /home/tom/Other/XaraLX/missing --run autoconf'
AUTOHEADER='${SHELL} /home/tom/Other/XaraLX/missing --run autoheader'
AUTOMAKE='${SHELL} /home/tom/Other/XaraLX/missing --run automake-1.10'
AWK='gawk'
BINRELOC_CFLAGS=''
BINRELOC_LIBS=''
BUILDRESFLAGS='-s '
CC='gcc'
CCDEPMODE='depmode=gcc3'
CDRAW_LIB_DIR='libs/x86_64'
CFLAGS='-Wall -Wno-unknown-pragmas -g -fexceptions -O3 -fno-strict-aliasing  -Wstrict-aliasing=2 '
CPP='gcc -E'
CPPFLAGS=''
CXX='g++'
CXXDEPMODE='depmode=gcc3'
CXXFLAGS=''
CYGPATH_W='echo'
DARWIN_LINK_FALSE=''
DARWIN_LINK_TRUE='#'
DEFS='-DPACKAGE_NAME=\"\" -DPACKAGE_TARNAME=\"\" -DPACKAGE_VERSION=\"\" -DPACKAGE_STRING=\"\" -DPACKAGE_BUGREPORT=\"\" -DPACKAGE=\"XaraLX\" -DVERSION=\"0.7\" -DSTDC_HEADERS=1 -DHAVE_SYS_TYPES_H=1 -DHAVE_SYS_STAT_H=1 -DHAVE_STDLIB_H=1 -DHAVE_STRING_H=1 -DHAVE_MEMORY_H=1 -DHAVE_STRINGS_H=1 -DHAVE_INTTYPES_H=1 -DHAVE_STDINT_H=1 -DHAVE_UNISTD_H=1 -DSIZEOF_VOIDP=8 -DSIZEOF_LONG_LONG=8 -DSIZEOF_LONG=8 -DSIZEOF_INT=4 -DSIZEOF_SHORT=2 -DSIZEOF___INT64=0'
DEPDIR='.deps'
ECHO_C=''
ECHO_N='-n'
ECHO_T=''
EGREP='/bin/grep -E'
EXEEXT=''
FILTERS_ENABLE_FALSE=''
FILTERS_ENABLE_TRUE='#'
GMSGFMT=''
GREP='/bin/grep'
GTK_CFLAGS='-I/usr/include/gtk-2.0 -I/usr/lib/gtk-2.0/include -I/usr/include/atk-1.0 -I/usr/include/cairo -I/usr/include/pango-1.0 -I/usr/include/glib-2.0 -I/usr/lib/glib-2.0/include -I/usr/include/pixman-1 -I/usr/include/freetype2 -I/usr/include/libpng12  '
GTK_LIBS='-lgtk-x11-2.0 -lgdk-x11-2.0 -latk-1.0 -lpangoft2-1.0 -lgdk_pixbuf-2.0 -lm -lpangocairo-1.0 -lgio-2.0 -lcairo -lpango-1.0 -lfreetype -lz -lfontconfig -lgobject-2.0 -lgmodule-2.0 -lglib-2.0  '
INSTALL_DATA='${INSTALL} -m 644'
INSTALL_PROGRAM='${INSTALL}'
INSTALL_SCRIPT='${INSTALL}'
INSTALL_STRIP_PROGRAM='$(install_sh) -c -s'
INTERNATIONAL_ENABLE_FALSE=''
INTERNATIONAL_ENABLE_TRUE='#'
INTLLIBS=''
INTL_MACOSX_LIBS=''
LDFLAGS=''
LIBICONV=''
LIBINTL=''
LIBOBJS=''
LIBS=''
LIBXML2_LIBS='-lxml2'
LTLIBICONV=''
LTLIBINTL=''
LTLIBOBJS=''
MAKEINFO='${SHELL} /home/tom/Other/XaraLX/missing --run makeinfo'
MKINSTALLDIRS=''
MSGFMT=''
MSGMERGE=''
OBJEXT='o'
PACKAGE='XaraLX'
PACKAGE_BUGREPORT=''
PACKAGE_NAME=''
PACKAGE_STRING=''
PACKAGE_TARNAME=''
PACKAGE_VERSION=''
PANGOX_CFLAGS='-I/usr/include/pango-1.0 -I/usr/include/glib-2.0 -I/usr/lib/glib-2.0/include  '
PANGOX_LIBS='-lpangox-1.0 -lX11 -lpango-1.0 -lgobject-2.0 -lgmodule-2.0 -lglib-2.0  '
PATH_SEPARATOR=':'
PKG_CONFIG='/usr/bin/pkg-config'
PODIR=''
POSUB=''
PRECOMPILE_ENABLE_FALSE='#'
PRECOMPILE_ENABLE_TRUE=''
RANLIB='ranlib'
SET_MAKE=''
SHELL='/bin/bash'
STATIC_ENABLE_FALSE=''
STATIC_ENABLE_TRUE='#'
STRIP=''
SVNVERSION_ENABLE_FALSE='#'
SVNVERSION_ENABLE_TRUE=''
TOPDIR='../.'
USE_NLS=''
VERSION='0.7'
WXRC=''
WX_LIBS2=' -Wl,-Bsymbolic-functions -lwx_gtk2u_xrc-2.6 -lwx_gtk2u_qa-2.6 -lwx_gtk2u_html-2.6 -lwx_gtk2u_adv-2.6 -lwx_gtk2u_core-2.6 -lwx_baseu_xml-2.6 -lwx_baseu_net-2.6 -lwx_baseu-2.6'
WX_LIBS='-pthread -Wl,-Bsymbolic-functions  -lwx_gtk2u_xrc-2.6 -lwx_gtk2u_qa-2.6 -lwx_gtk2u_html-2.6 -lwx_gtk2u_adv-2.6 -lwx_gtk2u_core-2.6 -lwx_baseu_xml-2.6 -lwx_baseu_net-2.6 -lwx_baseu-2.6 '
XARALANGUAGE='EN'
XARALXCPPFLAGS=' -I/usr/lib/wx/include/gtk2-unicode-release-2.6 -I/usr/include/wx-2.6 -DGTK_NO_CHECK_CASTS -D__WXGTK__ -D_FILE_OFFSET_BITS=64 -D_LARGE_FILES -DNO_GCC_PRAGMA -I/usr/include/pango-1.0 -I/usr/include/glib-2.0 -I/usr/lib/glib-2.0/include   -I/usr/include/freetype2 -I/usr/include/gtk-2.0 -I/usr/lib/gtk-2.0/include -I/usr/include/atk-1.0 -I/usr/include/cairo -I/usr/include/pango-1.0 -I/usr/include/glib-2.0 -I/usr/lib/glib-2.0/include -I/usr/include/pixman-1 -I/usr/include/freetype2 -I/usr/include/libpng12   -I/usr/include/libxml2 '
XARALXCXXFLAGS='-Wall -Wno-unknown-pragmas -g -fexceptions -O3 -fno-strict-aliasing  -Wstrict-aliasing=2  -I/usr/lib/wx/include/gtk2-unicode-release-2.6 -I/usr/include/wx-2.6 -DGTK_NO_CHECK_CASTS -D__WXGTK__ -D_FILE_OFFSET_BITS=64 -D_LARGE_FILES -DNO_GCC_PRAGMA -I/usr/include/pango-1.0 -I/usr/include/glib-2.0 -I/usr/lib/glib-2.0/include   -I/usr/include/freetype2 -I/usr/include/gtk-2.0 -I/usr/lib/gtk-2.0/include -I/usr/include/atk-1.0 -I/usr/include/cairo -I/usr/include/pango-1.0 -I/usr/include/glib-2.0 -I/usr/lib/glib-2.0/include -I/usr/include/pixman-1 -I/usr/include/freetype2 -I/usr/include/libpng12   -I/usr/include/libxml2 '
XARLIB_ENABLE_FALSE=''
XARLIB_ENABLE_TRUE='#'
XGETTEXT=''
XRCINCLUDE='include'
ac_ct_CC='gcc'
ac_ct_CXX='g++'
ac_prefix_program='/usr/bin/pkg-config'
am__fastdepCC_FALSE='#'
am__fastdepCC_TRUE=''
am__fastdepCXX_FALSE='#'
am__fastdepCXX_TRUE=''
am__include='include'
am__isrc=''
am__leading_dot='.'
am__quote=''
am__tar='${AMTAR} chof - "$$tardir"'
am__untar='${AMTAR} xf -'
bindir='${exec_prefix}/bin'
build='x86_64-unknown-linux-gnu'
build_alias=''
build_cpu='x86_64'
build_os='linux-gnu'
build_vendor='unknown'
datadir='${datarootdir}'
datarootdir='${prefix}/share'
docdir='${datarootdir}/doc/${PACKAGE}'
dvidir='${docdir}'
exec_prefix='${prefix}'
host='x86_64-unknown-linux-gnu'
host_alias=''
host_cpu='x86_64'
host_os='linux-gnu'
host_vendor='unknown'
htmldir='${docdir}'
includedir='${prefix}/include'
infodir='${datarootdir}/info'
install_sh='$(SHELL) /home/tom/Other/XaraLX/install-sh'
libdir='${exec_prefix}/lib'
libexecdir='${exec_prefix}/libexec'
localedir='${datarootdir}/locale'
localstatedir='${prefix}/var'
mandir='${datarootdir}/man'
mkdir_p='/bin/mkdir -p'
oldincludedir='/usr/include'
pdfdir='${docdir}'
prefix='/usr'
program_transform_name='s,x,x,'
psdir='${docdir}'
sbindir='${exec_prefix}/sbin'
sharedstatedir='${prefix}/com'
subdirs=''
sysconfdir='${prefix}/etc'
target='x86_64-unknown-linux-gnu'
target_alias=''
target_cpu='x86_64'
target_os='linux-gnu'
target_vendor='unknown'

## ----------- ##
## confdefs.h. ##
## ----------- ##

#define PACKAGE_NAME ""
#define PACKAGE_TARNAME ""
#define PACKAGE_VERSION ""
#define PACKAGE_STRING ""
#define PACKAGE_BUGREPORT ""
#define PACKAGE "XaraLX"
#define VERSION "0.7"
#define STDC_HEADERS 1
#define HAVE_SYS_TYPES_H 1
#define HAVE_SYS_STAT_H 1
#define HAVE_STDLIB_H 1
#define HAVE_STRING_H 1
#define HAVE_MEMORY_H 1
#define HAVE_STRINGS_H 1
#define HAVE_INTTYPES_H 1
#define HAVE_STDINT_H 1
#define HAVE_UNISTD_H 1
#define SIZEOF_VOIDP 8
#define SIZEOF_LONG_LONG 8
#define SIZEOF_LONG 8
#define SIZEOF_INT 4
#define SIZEOF_SHORT 2
#define SIZEOF___INT64 0

configure: exit 0
